Using pre-set license
Built from '2021.1/release' branch; Version is '2021.1.0f1 (61a549675243) revision 6399305'; Using compiler version '192528614'; Build Type 'Release'
OS: 'Windows 10 Pro; OS build 19042.928; Version 2009; 64bit' Language: 'en' Physical Memory: 16332 MB
BatchMode: 1, IsHumanControllingUs: 0, StartBugReporterOnCrash: 0, Is64bit: 1, IsPro: 0

 COMMAND LINE ARGUMENTS:
D:\Unity\Engine\2021.1.0f1\Editor\Unity.exe
-adb2
-batchMode
-noUpm
-name
AssetImportWorker0
-projectPath
C:/Users/Admin/Desktop/CodeStuff/Osu!Remote/Osu!RemoteCapture
-logFile
Logs/AssetImportWorker0.log
-srvPort
62638
Successfully changed project path to: C:/Users/Admin/Desktop/CodeStuff/Osu!Remote/Osu!RemoteCapture
C:/Users/Admin/Desktop/CodeStuff/Osu!Remote/Osu!RemoteCapture
Using Asset Import Pipeline V2.
Refreshing native plugins compatible for Editor in 71.78 ms, found 1 plugins.
Preloading 0 native plugins for Editor in 0.00 ms.
Initialize engine version: 2021.1.0f1 (61a549675243)
[Subsystems] Discovering subsystems at path D:/Unity/Engine/2021.1.0f1/Editor/Data/Resources/UnitySubsystems
[Subsystems] Discovering subsystems at path C:/Users/Admin/Desktop/CodeStuff/Osu!Remote/Osu!RemoteCapture/Assets
GfxDevice: creating device client; threaded=0; jobified=0
Direct3D:
    Version:  Direct3D 11.0 [level 11.1]
    Renderer: NVIDIA GeForce GTX 1650 (ID=0x1f82)
    Vendor:   NVIDIA
    VRAM:     3962 MB
    Driver:   27.21.14.6192
Initialize mono
Mono path[0] = 'D:/Unity/Engine/2021.1.0f1/Editor/Data/Managed'
Mono path[1] = 'D:/Unity/Engine/2021.1.0f1/Editor/Data/MonoBleedingEdge/lib/mono/unityjit'
Mono config path = 'D:/Unity/Engine/2021.1.0f1/Editor/Data/MonoBleedingEdge/etc'
Using monoOptions --debugger-agent=transport=dt_socket,embedding=1,server=y,suspend=n,address=127.0.0.1:56920
Begin MonoManager ReloadAssembly
Registering precompiled unity dll's ...
Register platform support module: D:/Unity/Engine/2021.1.0f1/Editor/Data/PlaybackEngines/WindowsStandaloneSupport/UnityEditor.WindowsStandalone.Extensions.dll
Registered in 0.001754 seconds.
Native extension for WindowsStandalone target not found
Refreshing native plugins compatible for Editor in 54.75 ms, found 1 plugins.
Preloading 0 native plugins for Editor in 0.00 ms.
Mono: successfully reloaded assembly
- Completed reload, in  1.514 seconds
Platform modules already initialized, skipping
Registering precompiled user dll's ...
Registered in 0.004130 seconds.
Begin MonoManager ReloadAssembly
Native extension for WindowsStandalone target not found
Refreshing native plugins compatible for Editor in 55.48 ms, found 1 plugins.
Preloading 0 native plugins for Editor in 0.00 ms.
Mono: successfully reloaded assembly
- Completed reload, in  1.141 seconds
Platform modules already initialized, skipping
========================================================================
Worker process is ready to serve import requests
Launched and connected shader compiler UnityShaderCompiler.exe after 0.07 seconds
Refreshing native plugins compatible for Editor in 0.62 ms, found 1 plugins.
Preloading 0 native plugins for Editor in 0.00 ms.
Unloading 2388 Unused Serialized files (Serialized files now loaded: 0)
System memory in use before: 103.2 MB.
System memory in use after: 103.4 MB.

Unloading 61 unused Assets to reduce memory usage. Loaded Objects now: 2810.
Total: 5.316800 ms (FindLiveObjects: 0.204500 ms CreateObjectMapping: 0.126400 ms MarkObjects: 4.915300 ms  DeleteObjects: 0.069600 ms)

========================================================================
Received Import Request.
  path: Assets/Canvas.prefab
  artifactKey: Guid(7e809be0b43fc724da839e14abb88cf1) Importer(815301076,1909f56bfc062723c751e8b465ee728b)
Start importing Assets/Canvas.prefab using Guid(7e809be0b43fc724da839e14abb88cf1) Importer(815301076,1909f56bfc062723c751e8b465ee728b)  -> (artifact id: '4a749103d8c083066180bf471cd506fa') in 0.089760 seconds 
========================================================================
Received Import Request.
  Time since last request: 0.000511 seconds.
  path: Assets/LogMessage.prefab
  artifactKey: Guid(a40e63e93c172304eae809b7ae03113c) Importer(815301076,1909f56bfc062723c751e8b465ee728b)
Start importing Assets/LogMessage.prefab using Guid(a40e63e93c172304eae809b7ae03113c) Importer(815301076,1909f56bfc062723c751e8b465ee728b)  -> (artifact id: 'd87aa2ba8210777cd28fd36057a79f52') in 0.064307 seconds 
========================================================================
Received Import Request.
  Time since last request: 4.161889 seconds.
  path: Assets/Scenes
  artifactKey: Guid(bbbc74fad6ed1d243aee6102298f428b) Importer(815301076,1909f56bfc062723c751e8b465ee728b)
Start importing Assets/Scenes using Guid(bbbc74fad6ed1d243aee6102298f428b) Importer(815301076,1909f56bfc062723c751e8b465ee728b)  -> (artifact id: 'c05b7eb3857e88eba1cebb90fff2e8d5') in 0.006646 seconds 
========================================================================
Received Import Request.
  Time since last request: 0.741032 seconds.
  path: Assets/Scenes/SampleScene.unity
  artifactKey: Guid(2cda990e2423bbf4892e6590ba056729) Importer(815301076,1909f56bfc062723c751e8b465ee728b)
Start importing Assets/Scenes/SampleScene.unity using Guid(2cda990e2423bbf4892e6590ba056729) Importer(815301076,1909f56bfc062723c751e8b465ee728b)  -> (artifact id: '36eacb12637b782ef414e8e3e770eb60') in 0.008089 seconds 
========================================================================
Received Prepare
Registering precompiled user dll's ...
Registered in 0.002609 seconds.
Begin MonoManager ReloadAssembly
Native extension for WindowsStandalone target not found
Refreshing native plugins compatible for Editor in 0.68 ms, found 1 plugins.
Preloading 0 native plugins for Editor in 0.00 ms.
Mono: successfully reloaded assembly
- Completed reload, in  1.073 seconds
Platform modules already initialized, skipping
Refreshing native plugins compatible for Editor in 0.72 ms, found 1 plugins.
Preloading 0 native plugins for Editor in 0.00 ms.
Unloading 2365 Unused Serialized files (Serialized files now loaded: 0)
System memory in use before: 101.9 MB.
System memory in use after: 102.1 MB.

Unloading 52 unused Assets to reduce memory usage. Loaded Objects now: 2816.
Total: 5.820600 ms (FindLiveObjects: 0.197300 ms CreateObjectMapping: 0.118500 ms MarkObjects: 5.441100 ms  DeleteObjects: 0.062500 ms)

